Analysis & Synthesis report for Wallace_Tree_Lab3
Wed Mar 25 18:50:42 2020
Quartus II 64-Bit Version 13.0.0 Build 156 04/24/2013 SJ Web Edition


---------------------
; Table of Contents ;
---------------------
  1. Legal Notice
  2. Analysis & Synthesis Summary
  3. Analysis & Synthesis Settings
  4. Parallel Compilation
  5. Analysis & Synthesis Source Files Read
  6. Analysis & Synthesis Resource Usage Summary
  7. Analysis & Synthesis Resource Utilization by Entity
  8. General Register Statistics
  9. Port Connectivity Checks: "rippleCarry:rc|fullAdder:FA0"
 10. Port Connectivity Checks: "carrySave:cs1"
 11. Port Connectivity Checks: "carrySave:cs0|fullAdder:FA7"
 12. Port Connectivity Checks: "carrySave:cs0"
 13. Elapsed Time Per Partition
 14. Analysis & Synthesis Messages



----------------
; Legal Notice ;
----------------
Copyright (C) 1991-2013 Altera Corporation
Your use of Altera Corporation's design tools, logic functions 
and other software and tools, and its AMPP partner logic 
functions, and any output files from any of the foregoing 
(including device programming or simulation files), and any 
associated documentation or information are expressly subject 
to the terms and conditions of the Altera Program License 
Subscription Agreement, Altera MegaCore Function License 
Agreement, or other applicable license agreement, including, 
without limitation, that your use is for the sole purpose of 
programming logic devices manufactured by Altera and sold by 
Altera or its authorized distributors.  Please refer to the 
applicable agreement for further details.



+---------------------------------------------------------------------------------+
; Analysis & Synthesis Summary                                                    ;
+------------------------------------+--------------------------------------------+
; Analysis & Synthesis Status        ; Successful - Wed Mar 25 18:50:42 2020      ;
; Quartus II 64-Bit Version          ; 13.0.0 Build 156 04/24/2013 SJ Web Edition ;
; Revision Name                      ; Wallace_Tree_Lab3                          ;
; Top-level Entity Name              ; wallaceTree                                ;
; Family                             ; Cyclone IV E                               ;
; Total logic elements               ; 0                                          ;
;     Total combinational functions  ; 0                                          ;
;     Dedicated logic registers      ; 0                                          ;
; Total registers                    ; 0                                          ;
; Total pins                         ; 51                                         ;
; Total virtual pins                 ; 0                                          ;
; Total memory bits                  ; 0                                          ;
; Embedded Multiplier 9-bit elements ; 0                                          ;
; Total PLLs                         ; 0                                          ;
+------------------------------------+--------------------------------------------+


+----------------------------------------------------------------------------------------------------------------------+
; Analysis & Synthesis Settings                                                                                        ;
+----------------------------------------------------------------------------+--------------------+--------------------+
; Option                                                                     ; Setting            ; Default Value      ;
+----------------------------------------------------------------------------+--------------------+--------------------+
; Device                                                                     ; EP4CE115F29C7      ;                    ;
; Top-level entity name                                                      ; wallaceTree        ; Wallace_Tree_Lab3  ;
; Family name                                                                ; Cyclone IV E       ; Cyclone IV GX      ;
; Use smart compilation                                                      ; Off                ; Off                ;
; Enable parallel Assembler and TimeQuest Timing Analyzer during compilation ; On                 ; On                 ;
; Enable compact report table                                                ; Off                ; Off                ;
; Restructure Multiplexers                                                   ; Auto               ; Auto               ;
; Create Debugging Nodes for IP Cores                                        ; Off                ; Off                ;
; Preserve fewer node names                                                  ; On                 ; On                 ;
; Disable OpenCore Plus hardware evaluation                                  ; Off                ; Off                ;
; Verilog Version                                                            ; Verilog_2001       ; Verilog_2001       ;
; VHDL Version                                                               ; VHDL_1993          ; VHDL_1993          ;
; State Machine Processing                                                   ; Auto               ; Auto               ;
; Safe State Machine                                                         ; Off                ; Off                ;
; Extract Verilog State Machines                                             ; On                 ; On                 ;
; Extract VHDL State Machines                                                ; On                 ; On                 ;
; Ignore Verilog initial constructs                                          ; Off                ; Off                ;
; Iteration limit for constant Verilog loops                                 ; 5000               ; 5000               ;
; Iteration limit for non-constant Verilog loops                             ; 250                ; 250                ;
; Add Pass-Through Logic to Inferred RAMs                                    ; On                 ; On                 ;
; Infer RAMs from Raw Logic                                                  ; On                 ; On                 ;
; Parallel Synthesis                                                         ; On                 ; On                 ;
; DSP Block Balancing                                                        ; Auto               ; Auto               ;
; NOT Gate Push-Back                                                         ; On                 ; On                 ;
; Power-Up Don't Care                                                        ; On                 ; On                 ;
; Remove Redundant Logic Cells                                               ; Off                ; Off                ;
; Remove Duplicate Registers                                                 ; On                 ; On                 ;
; Ignore CARRY Buffers                                                       ; Off                ; Off                ;
; Ignore CASCADE Buffers                                                     ; Off                ; Off                ;
; Ignore GLOBAL Buffers                                                      ; Off                ; Off                ;
; Ignore ROW GLOBAL Buffers                                                  ; Off                ; Off                ;
; Ignore LCELL Buffers                                                       ; Off                ; Off                ;
; Ignore SOFT Buffers                                                        ; On                 ; On                 ;
; Limit AHDL Integers to 32 Bits                                             ; Off                ; Off                ;
; Optimization Technique                                                     ; Balanced           ; Balanced           ;
; Carry Chain Length                                                         ; 70                 ; 70                 ;
; Auto Carry Chains                                                          ; On                 ; On                 ;
; Auto Open-Drain Pins                                                       ; On                 ; On                 ;
; Perform WYSIWYG Primitive Resynthesis                                      ; Off                ; Off                ;
; Auto ROM Replacement                                                       ; On                 ; On                 ;
; Auto RAM Replacement                                                       ; On                 ; On                 ;
; Auto DSP Block Replacement                                                 ; On                 ; On                 ;
; Auto Shift Register Replacement                                            ; Auto               ; Auto               ;
; Allow Shift Register Merging across Hierarchies                            ; Auto               ; Auto               ;
; Auto Clock Enable Replacement                                              ; On                 ; On                 ;
; Strict RAM Replacement                                                     ; Off                ; Off                ;
; Allow Synchronous Control Signals                                          ; On                 ; On                 ;
; Force Use of Synchronous Clear Signals                                     ; Off                ; Off                ;
; Auto RAM Block Balancing                                                   ; On                 ; On                 ;
; Auto RAM to Logic Cell Conversion                                          ; Off                ; Off                ;
; Auto Resource Sharing                                                      ; Off                ; Off                ;
; Allow Any RAM Size For Recognition                                         ; Off                ; Off                ;
; Allow Any ROM Size For Recognition                                         ; Off                ; Off                ;
; Allow Any Shift Register Size For Recognition                              ; Off                ; Off                ;
; Use LogicLock Constraints during Resource Balancing                        ; On                 ; On                 ;
; Ignore translate_off and synthesis_off directives                          ; Off                ; Off                ;
; Timing-Driven Synthesis                                                    ; On                 ; On                 ;
; Report Parameter Settings                                                  ; On                 ; On                 ;
; Report Source Assignments                                                  ; On                 ; On                 ;
; Report Connectivity Checks                                                 ; On                 ; On                 ;
; Ignore Maximum Fan-Out Assignments                                         ; Off                ; Off                ;
; Synchronization Register Chain Length                                      ; 2                  ; 2                  ;
; PowerPlay Power Optimization                                               ; Normal compilation ; Normal compilation ;
; HDL message level                                                          ; Level2             ; Level2             ;
; Suppress Register Optimization Related Messages                            ; Off                ; Off                ;
; Number of Removed Registers Reported in Synthesis Report                   ; 5000               ; 5000               ;
; Number of Swept Nodes Reported in Synthesis Report                         ; 5000               ; 5000               ;
; Number of Inverted Registers Reported in Synthesis Report                  ; 100                ; 100                ;
; Clock MUX Protection                                                       ; On                 ; On                 ;
; Auto Gated Clock Conversion                                                ; Off                ; Off                ;
; Block Design Naming                                                        ; Auto               ; Auto               ;
; SDC constraint protection                                                  ; Off                ; Off                ;
; Synthesis Effort                                                           ; Auto               ; Auto               ;
; Shift Register Replacement - Allow Asynchronous Clear Signal               ; On                 ; On                 ;
; Pre-Mapping Resynthesis Optimization                                       ; Off                ; Off                ;
; Analysis & Synthesis Message Level                                         ; Medium             ; Medium             ;
; Disable Register Merging Across Hierarchies                                ; Auto               ; Auto               ;
; Resource Aware Inference For Block RAM                                     ; On                 ; On                 ;
; Synthesis Seed                                                             ; 1                  ; 1                  ;
+----------------------------------------------------------------------------+--------------------+--------------------+


Parallel compilation was disabled, but you have multiple processors available. Enable parallel compilation to reduce compilation time.
+-------------------------------------+
; Parallel Compilation                ;
+----------------------------+--------+
; Processors                 ; Number ;
+----------------------------+--------+
; Number detected on machine ; 12     ;
; Maximum allowed            ; 1      ;
+----------------------------+--------+


+----------------------------------------------------------------------------------------------------------------------------+
; Analysis & Synthesis Source Files Read                                                                                     ;
+----------------------------------+-----------------+-----------------+-------------------------------------------+---------+
; File Name with User-Entered Path ; Used in Netlist ; File Type       ; File Name with Absolute Path              ; Library ;
+----------------------------------+-----------------+-----------------+-------------------------------------------+---------+
; wallaceTree.vhd                  ; yes             ; User VHDL File  ; E:/Advanced Digital/Lab 3/wallaceTree.vhd ;         ;
; rippleCarry.vhd                  ; yes             ; User VHDL File  ; E:/Advanced Digital/Lab 3/rippleCarry.vhd ;         ;
; fullAdder.vhd                    ; yes             ; User VHDL File  ; E:/Advanced Digital/Lab 3/fullAdder.vhd   ;         ;
; components.vhd                   ; yes             ; User VHDL File  ; E:/Advanced Digital/Lab 3/components.vhd  ;         ;
; carrySave.vhd                    ; yes             ; User VHDL File  ; E:/Advanced Digital/Lab 3/carrySave.vhd   ;         ;
+----------------------------------+-----------------+-----------------+-------------------------------------------+---------+


+-----------------------------------------------------+
; Analysis & Synthesis Resource Usage Summary         ;
+---------------------------------------------+-------+
; Resource                                    ; Usage ;
+---------------------------------------------+-------+
;                                             ;       ;
; Total combinational functions               ; 0     ;
; Logic element usage by number of LUT inputs ;       ;
;     -- 4 input functions                    ; 0     ;
;     -- 3 input functions                    ; 0     ;
;     -- <=2 input functions                  ; 0     ;
;                                             ;       ;
; Logic elements by mode                      ;       ;
;     -- normal mode                          ; 0     ;
;     -- arithmetic mode                      ; 0     ;
;                                             ;       ;
; Total registers                             ; 0     ;
;     -- Dedicated logic registers            ; 0     ;
;     -- I/O registers                        ; 0     ;
;                                             ;       ;
; I/O pins                                    ; 51    ;
; Embedded Multiplier 9-bit elements          ; 0     ;
; Maximum fan-out node                        ; a[0]  ;
; Maximum fan-out                             ; 1     ;
; Total fan-out                               ; 51    ;
; Average fan-out                             ; 0.50  ;
+---------------------------------------------+-------+


+-----------------------------------------------------------------------------------------------------------------------------------------------------------------------------+
; Analysis & Synthesis Resource Utilization by Entity                                                                                                                         ;
+----------------------------+-------------------+--------------+-------------+--------------+---------+-----------+------+--------------+---------------------+--------------+
; Compilation Hierarchy Node ; LC Combinationals ; LC Registers ; Memory Bits ; DSP Elements ; DSP 9x9 ; DSP 18x18 ; Pins ; Virtual Pins ; Full Hierarchy Name ; Library Name ;
+----------------------------+-------------------+--------------+-------------+--------------+---------+-----------+------+--------------+---------------------+--------------+
; |wallaceTree               ; 0 (0)             ; 0 (0)        ; 0           ; 0            ; 0       ; 0         ; 51   ; 0            ; |wallaceTree        ;              ;
+----------------------------+-------------------+--------------+-------------+--------------+---------+-----------+------+--------------+---------------------+--------------+
Note: For table entries with two numbers listed, the numbers in parentheses indicate the number of resources of the given type used by the specific entity alone. The numbers listed outside of parentheses indicate the total resources of the given type used by the specific entity and all of its sub-entities in the hierarchy.


+------------------------------------------------------+
; General Register Statistics                          ;
+----------------------------------------------+-------+
; Statistic                                    ; Value ;
+----------------------------------------------+-------+
; Total registers                              ; 0     ;
; Number of registers using Synchronous Clear  ; 0     ;
; Number of registers using Synchronous Load   ; 0     ;
; Number of registers using Asynchronous Clear ; 0     ;
; Number of registers using Asynchronous Load  ; 0     ;
; Number of registers using Clock Enable       ; 0     ;
; Number of registers using Preset             ; 0     ;
+----------------------------------------------+-------+


+----------------------------------------------------------+
; Port Connectivity Checks: "rippleCarry:rc|fullAdder:FA0" ;
+------+-------+----------+--------------------------------+
; Port ; Type  ; Severity ; Details                        ;
+------+-------+----------+--------------------------------+
; cin  ; Input ; Info     ; Stuck at GND                   ;
+------+-------+----------+--------------------------------+


+-------------------------------------------+
; Port Connectivity Checks: "carrySave:cs1" ;
+---------+-------+----------+--------------+
; Port    ; Type  ; Severity ; Details      ;
+---------+-------+----------+--------------+
; a[7..6] ; Input ; Info     ; Stuck at GND ;
; b[7..6] ; Input ; Info     ; Stuck at GND ;
; c[7..6] ; Input ; Info     ; Stuck at GND ;
+---------+-------+----------+--------------+


+----------------------------------------------------------------------------------------------------------------+
; Port Connectivity Checks: "carrySave:cs0|fullAdder:FA7"                                                        ;
+------+--------+----------+-------------------------------------------------------------------------------------+
; Port ; Type   ; Severity ; Details                                                                             ;
+------+--------+----------+-------------------------------------------------------------------------------------+
; cout ; Output ; Info     ; Connected to dangling logic. Logic that only feeds a dangling port will be removed. ;
+------+--------+----------+-------------------------------------------------------------------------------------+


+-------------------------------------------+
; Port Connectivity Checks: "carrySave:cs0" ;
+---------+-------+----------+--------------+
; Port    ; Type  ; Severity ; Details      ;
+---------+-------+----------+--------------+
; a[7..6] ; Input ; Info     ; Stuck at GND ;
; b[7..6] ; Input ; Info     ; Stuck at GND ;
; c[7..6] ; Input ; Info     ; Stuck at GND ;
+---------+-------+----------+--------------+


+-------------------------------+
; Elapsed Time Per Partition    ;
+----------------+--------------+
; Partition Name ; Elapsed Time ;
+----------------+--------------+
; Top            ; 00:00:00     ;
+----------------+--------------+


+-------------------------------+
; Analysis & Synthesis Messages ;
+-------------------------------+
Info: *******************************************************************
Info: Running Quartus II 64-Bit Analysis & Synthesis
    Info: Version 13.0.0 Build 156 04/24/2013 SJ Web Edition
    Info: Processing started: Wed Mar 25 18:50:38 2020
Info: Command: quartus_map --read_settings_files=on --write_settings_files=off Wallace_Tree_Lab3 -c Wallace_Tree_Lab3
Warning (20028): Parallel compilation is not licensed and has been disabled
Info (12021): Found 2 design units, including 1 entities, in source file wallacetree.vhd
    Info (12022): Found design unit 1: wallaceTree-wallaceTree_Behavior
    Info (12023): Found entity 1: wallaceTree
Info (12021): Found 2 design units, including 1 entities, in source file ripplecarry.vhd
    Info (12022): Found design unit 1: rippleCarry-rippleCarry_Behavior
    Info (12023): Found entity 1: rippleCarry
Info (12021): Found 2 design units, including 1 entities, in source file fulladder.vhd
    Info (12022): Found design unit 1: fullAdder-fullAdder_Behavior
    Info (12023): Found entity 1: fullAdder
Info (12021): Found 1 design units, including 0 entities, in source file components.vhd
    Info (12022): Found design unit 1: components
Info (12021): Found 2 design units, including 1 entities, in source file carrysave.vhd
    Info (12022): Found design unit 1: carrySave-carrySave_Behavior
    Info (12023): Found entity 1: carrySave
Info (12127): Elaborating entity "wallaceTree" for the top level hierarchy
Warning (10541): VHDL Signal Declaration warning at wallaceTree.vhd(14): used implicit default value for signal "gin" because signal was never assigned a value or an explicit default value. Use of implicit default value may introduce unintended design optimizations.
Info (12128): Elaborating entity "carrySave" for hierarchy "carrySave:cs0"
Warning (10036): Verilog HDL or VHDL warning at carrySave.vhd(17): object "cout8" assigned a value but never read
Warning (10541): VHDL Signal Declaration warning at carrySave.vhd(18): used implicit default value for signal "as" because signal was never assigned a value or an explicit default value. Use of implicit default value may introduce unintended design optimizations.
Warning (10541): VHDL Signal Declaration warning at carrySave.vhd(18): used implicit default value for signal "bs" because signal was never assigned a value or an explicit default value. Use of implicit default value may introduce unintended design optimizations.
Warning (10541): VHDL Signal Declaration warning at carrySave.vhd(18): used implicit default value for signal "cs" because signal was never assigned a value or an explicit default value. Use of implicit default value may introduce unintended design optimizations.
Info (12128): Elaborating entity "fullAdder" for hierarchy "carrySave:cs0|fullAdder:FA0"
Info (12128): Elaborating entity "rippleCarry" for hierarchy "rippleCarry:rc"
Warning (13024): Output pins are stuck at VCC or GND
    Warning (13410): Pin "s[0]" is stuck at GND
    Warning (13410): Pin "s[1]" is stuck at GND
    Warning (13410): Pin "s[2]" is stuck at GND
    Warning (13410): Pin "s[3]" is stuck at GND
    Warning (13410): Pin "s[4]" is stuck at GND
    Warning (13410): Pin "s[5]" is stuck at GND
    Warning (13410): Pin "s[6]" is stuck at GND
    Warning (13410): Pin "s[7]" is stuck at GND
    Warning (13410): Pin "s[8]" is stuck at GND
Info (16010): Generating hard_block partition "hard_block:auto_generated_inst"
    Info (16011): Adding 0 node(s), including 0 DDIO, 0 PLL, 0 transceiver and 0 LCELL
Warning (21074): Design contains 42 input pin(s) that do not drive logic
    Warning (15610): No output dependent on input pin "a[0]"
    Warning (15610): No output dependent on input pin "a[1]"
    Warning (15610): No output dependent on input pin "a[2]"
    Warning (15610): No output dependent on input pin "a[3]"
    Warning (15610): No output dependent on input pin "a[4]"
    Warning (15610): No output dependent on input pin "a[5]"
    Warning (15610): No output dependent on input pin "b[0]"
    Warning (15610): No output dependent on input pin "b[1]"
    Warning (15610): No output dependent on input pin "b[2]"
    Warning (15610): No output dependent on input pin "b[3]"
    Warning (15610): No output dependent on input pin "b[4]"
    Warning (15610): No output dependent on input pin "b[5]"
    Warning (15610): No output dependent on input pin "c[0]"
    Warning (15610): No output dependent on input pin "c[1]"
    Warning (15610): No output dependent on input pin "c[2]"
    Warning (15610): No output dependent on input pin "c[3]"
    Warning (15610): No output dependent on input pin "c[4]"
    Warning (15610): No output dependent on input pin "c[5]"
    Warning (15610): No output dependent on input pin "d[0]"
    Warning (15610): No output dependent on input pin "d[1]"
    Warning (15610): No output dependent on input pin "d[2]"
    Warning (15610): No output dependent on input pin "d[3]"
    Warning (15610): No output dependent on input pin "d[4]"
    Warning (15610): No output dependent on input pin "d[5]"
    Warning (15610): No output dependent on input pin "e[0]"
    Warning (15610): No output dependent on input pin "e[1]"
    Warning (15610): No output dependent on input pin "e[2]"
    Warning (15610): No output dependent on input pin "e[3]"
    Warning (15610): No output dependent on input pin "e[4]"
    Warning (15610): No output dependent on input pin "e[5]"
    Warning (15610): No output dependent on input pin "f[0]"
    Warning (15610): No output dependent on input pin "f[1]"
    Warning (15610): No output dependent on input pin "f[2]"
    Warning (15610): No output dependent on input pin "f[3]"
    Warning (15610): No output dependent on input pin "f[4]"
    Warning (15610): No output dependent on input pin "f[5]"
    Warning (15610): No output dependent on input pin "g[0]"
    Warning (15610): No output dependent on input pin "g[1]"
    Warning (15610): No output dependent on input pin "g[2]"
    Warning (15610): No output dependent on input pin "g[3]"
    Warning (15610): No output dependent on input pin "g[4]"
    Warning (15610): No output dependent on input pin "g[5]"
Info (21057): Implemented 51 device resources after synthesis - the final resource count might be different
    Info (21058): Implemented 42 input pins
    Info (21059): Implemented 9 output pins
Info: Quartus II 64-Bit Analysis & Synthesis was successful. 0 errors, 59 warnings
    Info: Peak virtual memory: 4636 megabytes
    Info: Processing ended: Wed Mar 25 18:50:43 2020
    Info: Elapsed time: 00:00:05
    Info: Total CPU time (on all processors): 00:00:02


